1513537610494	geckodriver	INFO	geckodriver 0.19.1
1513537610494	geckodriver	INFO	Listening on 127.0.0.1:50114
1513537612603	mozrunner::runner	INFO	Running command: "C:\\Program Files (x86)\\Mozilla Firefox\\firefox.exe" "-marionette" "-profile" "C:\\Users\\Ellen\\AppData\\Local\\Temp\\rust_mozprofile.j4jmlblndif3"
1513537613360	Marionette	INFO	Enabled via --marionette
1513537616433	Marionette	INFO	Listening on port 50120
1513537617610	Marionette	WARN	TLS certificate errors will be ignored for this session
Unable to read VR Path Registry from C:\Users\Ellen\AppData\Local\openvr\openvrpaths.vrpath
[Child 8220, Chrome_ChildThread] WARNING: pipe error: 109: file z:/build/build/src/ipc/chromium/src/chrome/common/ipc_channel_win.cc, line 346
[Child 8220, Chrome_ChildThread] WARNING: pipe error: 109: file z:/build/build/src/ipc/chromium/src/chrome/common/ipc_channel_win.cc, line 346
Unable to read VR Path Registry from C:\Users\Ellen\AppData\Local\openvr\openvrpaths.vrpath
[Parent 8964, Gecko_IOThread] WARNING: pipe error: 109: file z:/build/build/src/ipc/chromium/src/chrome/common/ipc_channel_win.cc, line 346

###!!! [Child][MessageChannel::SendAndWait] Error: Channel error: cannot send/recv

346
*** UTM:SVC TimerManager:registerTimer called after profile-before-change notification. Ignoring timer registration for id: telemetry_modules_ping

###!!! [Child][MessageChannel::SendAndWait] Error: Channel error: cannot send/recv

e z:/build/build/src/ipc/chromium/src/chrome/common/ipc_channel_win.cc, line 346
*** UTM:SVC TimerManager:registerTimer called after profile-before-change notification. Ignoring timer registration for id: telemetry_modules_ping

###!!! [Child][MessageChannel::SendAndWait] Error: Channel error: cannot send/recv

ror: https://www.dcu-online.org/tob/live/usp-core/static/js/homepage-all.js?v=1811132017, line 1: SecurityError: Permission denied to access property "document" on cross-origin object
JavaScript warning: https://dcuoffers.dcunet.org/HomeBanking/Scripts/jquery-1.9.0.min.js, line 4: Using //@ to indicate sourceMappingURL pragmas is deprecated. Use //# instead
JavaScript warning: https://dcuoffers.dcunet.org/HomeBanking/Scripts/jquery-1.9.0.min.js, line 4: Using //@ to indicate sourceMappingURL pragmas is deprecated. Use //# instead
in.cc, line 513
[GFX1-]: Receive IPC close with reason=AbnormalShutdown
/jquery.jhaDatePicker.js, linUnable to read VR Path Registry from C:\Users\Ellen\AppData\Local\openvr\openvrpaths.vrpath
[Parent 10048, Gecko_IOThread] WARNING: pipe error: 109: file z:/build/build/src/ipc/chromium/src/chrome/common/ipc_channel_win.cc, line 346
Unable to read VR Path Registry from C:\Users\Ellen\AppData\Local\openvr\openvrpaths.vrpath
[Child 12704, Chrome_ChildThread] WARNIN[Parent 16936, Gecko_IOThread] WARNING: pipe error: 109: file z:/build/build/src/ipc/chromium/src/chrome/common/ipc_channel_win.cc, line 346

###!!! [Parent][MessageChannel] Error: (msgtype=0x150090,name=PBrowser::Msg_UpdateNativeWindowHandle) ClosUnable to read VR Path Registry from C:\Users\Ellen\AppData\Local\openvr\openvrpaths.vrpath
[Child 6296, Chrome_ChildThread] WARNING: pipe error: 109: file z:/build/build/src/ipc/chromium/src/chrome/common/ipc_channel_win.cc, line 346
_SetCookieString) Closed channel: cannot send/recv


###!!! [Child][MessageChannel] Error: (msgtype=0x2E0003,name=PCookieServUnable to read VR Path Registry from C:\Users\Ellen\AppData\Local\openvr\openvrpaths.vrpath
[Parent 9988, Gecko_IOThread] WARNING: pipe error: 109: file z:/build/build/src/ipc/chromium/src/chrome/common/ipc_channel_win.cc, line 346
[Child 11296, Chrome_ChildThread] WARNING: pipe error: 109: file z:/build/build/src/ipc/chromium/src/chrome/common/ipc_channel_win.cc, line 346

###!!! [Parent][MessageChannel] Error: (msgtype=0x150090,name=PBrowser::Msg_UpdateNativeWindowHandle) Closed channel: cannot send/recv


###!!! [Parent][MessageChannel] Error: (msgtype=0x150084,name=PBrowser::Msg_Destroy) Closed channel: cannot send/recv


###!!! [Child][MessageChannel] Error: (msgtype=0x2E0003,name=PCookieService::Msg_SetCookieString) Closed channel: cannot send/recv


###!!! [Child][MessageChannel] Error: (msgtype=0x2E0003,name=PCookieService::Msg_SetCookieString) Closed channel: cannot send/recv


###!!! [Child][MessageChannel] Error: (msgtype=0x150001,name=PBrowser::Msg_AsyncMessage) Closed channel: cannot send/recv

JavaScript error: chrome://browser/content/tab-content.js, line 316: NS_ERROR_UNEXPECTED: Component returned failure code: 0x8000ffff (NS_ERROR_UNEXPECTED) [nsIMessageSender.sendAsyncMessage]

###!!! [Child][MessageChannel] Error: (msgtype=0x150001,name=PBrowser::Msg_AsyncMessage) Closed channel: cannot send/recv

JavaScript error: chrome://browser/content/content.js, line 699: NS_ERROR_UNEXPECTED: Component returned failure code: 0x8000ffff (NS_ERROR_UNEXPECTED) [nsIMessageSender.sendAsyncMessage]

###!!! [Child][MessageChannel] Error: (msgtype=0x150001,name=PBrowser::Msg_AsyncMessage) Closed channel: cannot send/recv

JavaScript error: chrome://global/content/browser-child.js, line 125: NS_ERROR_UNEXPECTED: Component returned failure code: 0x8000ffff (NS_ERROR_UNEXPECTED) [nsIMessageSender.sendAsyncMessage]
[Parent 9988, Gecko_IOThread] WARNING: pipe error: 109: file z:/build/build/src/ipc/chromium/src/chrome/common/ipc_channel_win.cc, line 346
Unable to read VR Path Registry from C:\Users\Ellen\AppData\Local\openvr\openvrpaths.vrpath
[Child 12020, Chrome_ChildThread] WARNING: pipe error: 109: file z:/build/build/src/ipc/chromium/src/chrome/common/ipc_channel_win.cc, line 346
totype.onStateChange<@resource://devtools/shared/base-loader.js -> resource://devtools/server/actors/tab.js:1629:9
exports.makeInfallible/<@resource://devtools/shared/base-loader.js -> resource://devtools/shared/ThreadSafeDevToolsUtils.js:109:14
Line: 1629, column: 0
Unable to read VR Path Registry from C:\Users\Ellen\AppData\Local\openvr\openvrpaths.vrpath
[Child 5764, Chrome_ChildThread] WARNING: pipe error: 109: file z:/build/build/src/ipc/chromium/src/chrome/common/ipc_channel_win.cc, line 346
[Child 5764, Chrome_ChildThread] WARNING: pipe error: 109: file z:/build/build/src/ipc/chromium/src/chrome/common/ipc_channel_win.cc, line 346
Unable to read VR Path Registry from C:\Users\Ellen\AppData\Local\openvr\openvrpaths.vrpath
[Child 14348, Chrome_ChildThread] WARNING: pipe error: 109: file z:/build/build/src/ipc/chromium/src/chrome/common/ipc_channel_win.cc, line 346
[Child 14348, Chrome_ChildThread] WARNING: pipe error: 109: file z:/build/build/src/ipc/chromium/src/chrome/common/ipc_channel_win.cc, line 346
[Child 18040, Chrome_ChildThread] WARNING: pipe error: 109: file z:/build/build/src/ipc/chromium/src/chrome/common/ipc_channel_win.cc, line 346
[Child 18040, Chrome_ChildThread] WARNING: pipe error: 109: file z:/build/build/src/ipc/chromium/src/chrome/common/ipc_channel_win.cc, line 346
Unable to read VR Path Registry from C:\Users\Ellen\AppData\Local\openvr\openvrpaths.vrpath
[Child 2144, Chrome_ChildThread] WARNING: pipe error: 109: file z:/build/build/src/ipc/chromium/src/chrome/common/ipc_channel_win.cc, line 346
[Child 2144, Chrome_ChildThread] WARNING: pipe error: 109: file z:/build/build/src/ipc/chromium/src/chrome/common/ipc_channel_win.cc, line 346

###!!! [Child][MessageChannel::SendAndWait] Error: Channel error: cannot send/recv

Unable to read VR Path Registry from C:\Users\Ellen\AppData\Local\openvr\openvrpaths.vrpath
c/ipc/chromium/src/chrome/common/ipc_channel_win.cc, line 346
JavaScript warning: https://www.google.com/maps/search/38th+and+baltimore+Philadelphia,+PA/@39.9495721,-75.199728,17z, line 2657: Error: WebGL warning: texSubImage2D: Texture has not been initialized prior to a partial upload, forcing the browser to clear it. This may be slow.
JavaScript warning: https://www.google.com/maps/search/38th+and+baltimore+Philadelphia,+PA/@39.9495721,-75.199728,17z, line 2657: Error: WebGL warning: texSubImage2D: This operation requires zeroing texture data. This is slow.
JavaScript warning: https://www.google.com/maps/search/38th+and+baltimore+Philadelphia,+PA/@39.9495721,-75.199728,17z, line 2676: Error: WebGL warning: copyTexSubImage2D: Texture has not been initialized prior to a partial upload, forcing the browser to clear it. This may be slow.
JavaScript warning: https://www.google.com/maps/search/38th+and+baltimore+Philadelphia,+PA/@39.9495721,-75.199728,17z, line 2676: Error: WebGL warning: copyTexSubImage2D: This operation requires zeroing texture data. This is slow.
JavaScript warning: https://www.google.com/maps/search/38th+and+baltimore+Philadelphia,+PA/@39.9495721,-75.199728,17z, line 2657: Error: WebGL warning: texSubImage2D: Texture has not been initialized prior to a partial upload, forcing the browser to clear it. This may be slow.
JavaScript warning: https://www.google.com/maps/search/38th+and+baltimore+Philadelphia,+PA/@39.9495721,-75.199728,17z, line 2657: Error: WebGL warning: texSubImage2D: This operation requires zeroing texture data. This is slow.
JavaScript warning: https://www.google.com/maps/search/38th+and+baltimore+Philadelphia,+PA/@39.9495721,-75.199728,17z, line 2657: Error: WebGL warning: texSubImage2D: Texture has not been initialized prior to a partial upload, forcing the browser to clear it. This may be slow.
JavaScript warning: https://www.google.com/maps/search/38th+and+baltimore+Philadelphia,+PA/@39.9495721,-75.199728,17z, line 2657: Error: WebGL warning: texSubImage2D: This operation requires zeroing texture data. This is slow.
JavaScript warning: https://www.google.com/maps/search/38th+and+baltimore+Philadelphia,+PA/@39.9495721,-75.199728,17z, line 2657: Error: WebGL warning: texSubImage2D: Texture has not been initialized prior to a partial upload, forcing the browser to clear it. This may be slow.
JavaScript warning: https://www.google.com/maps/search/38th+and+baltimore+Philadelphia,+PA/@39.9495721,-75.199728,17z, line 2657: Error: WebGL warning: texSubImage2D: This operation requires zeroing texture data. This is slow.
JavaScript warning: https://www.google.com/maps/search/38th+and+baltimore+Philadelphia,+PA/@39.9495721,-75.199728,17z, line 2657: Error: WebGL warning: texSubImage2D: Texture has not been initialized prior to a partial upload, forcing the browser to clear it. This may be slow.
JavaScript warning: https://www.google.com/maps/search/38th+and+baltimore+Philadelphia,+PA/@39.9495721,-75.199728,17z, line 2657: Error: WebGL warning: texSubImage2D: This operation requires zeroing texture data. This is slow.
JavaScript warning: https://www.google.com/maps/search/38th+and+baltimore+Philadelphia,+PA/@39.9495721,-75.199728,17z, line 2676: Error: WebGL warning: copyTexSubImage2D: Texture has not been initialized prior to a partial upload, forcing the browser to clear it. This may be slow.
JavaScript warning: https://www.google.com/maps/search/38th+and+baltimore+Philadelphia,+PA/@39.9495721,-75.199728,17z, line 2676: Error: WebGL warning: copyTexSubImage2D: This operation requires zeroing texture data. This is slow.
JavaScript warning: https://www.google.com/maps/search/38th+and+baltimore+Philadelphia,+PA/@39.9495721,-75.199728,17z, line 2676: Error: WebGL warning: copyTexSubImage2D: Texture has not been initialized prior to a partial upload, forcing the browser to clear it. This may be slow.
JavaScript warning: https://www.google.com/maps/search/38th+and+baltimore+Philadelphia,+PA/@39.9495721,-75.199728,17z, line 2676: Error: WebGL warning: copyTexSubImage2D: This operation requires zeroing texture data. This is slow.
JavaScript warning: https://www.google.com/maps/search/38th+and+baltimore+Philadelphia,+PA/@39.9495721,-75.199728,17z, line 2657: Error: WebGL warning: texSubImage2D: Alpha-premult and y-flip are deprecated for non-DOM-Element uploads.
JavaScript warning: https://www.google.com/maps/search/38th+and+baltimore+Philadelphia,+PA/@39.9495721,-75.199728,17z, line 2657: Error: WebGL warning: texSubImage2D: Alpha-premult and y-flip are deprecated for non-DOM-Element uploads.
JavaScript warning: https://www.google.com/maps/search/38th+and+baltimore+Philadelphia,+PA/@39.9495721,-75.199728,17z, line 2657: Error: WebGL warning: texSubImage2D: Alpha-premult and y-flip are deprecated for non-DOM-Element uploads.
JavaScript warning: https://www.google.com/maps/search/38th+and+baltimore+Philadelphia,+PA/@39.9495721,-75.199728,17z, line 2657: Error: WebGL warning: texSubImage2D: Alpha-premult and y-flip are deprecated for non-DOM-Element uploads.
JavaScript warning: https://www.google.com/maps/search/38th+and+baltimore+Philadelphia,+PA/@39.9495721,-75.199728,17z, line 2657: Error: WebGL warning: texSubImage2D: Alpha-premult and y-flip are deprecated for non-DOM-Element uploads.
JavaScript warning: https://www.google.com/maps/search/38th+and+baltimore+Philadelphia,+PA/@39.9495721,-75.199728,17z, line 2657: Error: WebGL warning: texSubImage2D: Alpha-premult and y-flip are deprecated for non-DOM-Element uploads.
JavaScript warning: https://www.google.com/maps/search/38th+and+baltimore+Philadelphia,+PA/@39.9495721,-75.199728,17z, line 2657: Error: WebGL warning: texSubImage2D: Alpha-premult and y-flip are deprecated for non-DOM-Element uploads.
JavaScript warning: https://www.google.com/maps/search/38th+and+baltimore+Philadelphia,+PA/@39.9495721,-75.199728,17z, line 2657: Error: WebGL warning: texSubImage2D: Alpha-premult and y-flip are deprecated for non-DOM-Element uploads.
JavaScript warning: https://www.google.com/maps/search/38th+and+baltimore+Philadelphia,+PA/@39.9495721,-75.199728,17z, line 2657: Error: WebGL warning: texSubImage2D: Alpha-premult and y-flip are deprecated for non-DOM-Element uploads.
JavaScript warning: https://www.google.com/maps/search/38th+and+baltimore+Philadelphia,+PA/@39.9495721,-75.199728,17z, line 2657: Error: WebGL warning: texSubImage2D: Alpha-premult and y-flip are deprecated for non-DOM-Element uploads.
JavaScript warning: https://www.google.com/maps/search/38th+and+baltimore+Philadelphia,+PA/@39.9495721,-75.199728,17z, line 2657: Error: WebGL warning: texSubImage2D: Alpha-premult and y-flip are deprecated for non-DOM-Element uploads.
JavaScript warning: https://www.google.com/maps/search/38th+and+baltimore+Philadelphia,+PA/@39.9495721,-75.199728,17z, line 2657: Error: WebGL warning: texSubImage2D: Alpha-premult and y-flip are deprecated for non-DOM-Element uploads.
[Parent 6436, Gecko_IOThread] WARNING: pipe error: 109: file z:/build/build/src/ipc/chromium/src/chrome/common/ipc_channel_win.cc, line 346
[Parent 6436, Gecko_IOThread] WARNING: pipe error: 109: file z:/build/build/src/ipc/chromium/src/chrome/common/ipc_channel_win.cc, line 346
Unable to read VR Path Registry from C:\Users\Ellen\AppData\Local\openvr\openvrpaths.vrpath
[Child 8468, Chrome_ChildThread] WARNING: pipe error: 109: file z:/build/build/src/ipc/chromium/src/chrome/common/ipc_channel_win.cc, line 346
[Child 8672, Chrome_ChildThread] WARNING: pipe error: 109: file z:/build/build/src/ipc/chromium/src/chrome/common/ipc_channel_win.cc, line 346
[Child 8672, Chrome_ChildThread] WARNING: pipe error: 109: file z:/build/build/src/ipc/chromium/src/chrome/common/ipc_channel_win.cc, line 346
[Child 13700, Chrome_ChildThread] WARNING: pipe error: 109: file z:/build/build/src/ipc/chromium/src/chrome/common/ipc_channel_win.cc, line 346
[Child 13700, Chrome_ChildThread] WARNING: pipe error: 109: file z:/build/build/src/ipc/chromium/src/chrome/common/ipc_channel_win.cc, line 346

###!!! [Child][MessageChannel::SendAndWait] Error: Channel error: cannot send/recv

